
  .   ____          _            __ _ _
 /\\ / ___'_ __ _ _(_)_ __  __ _ \ \ \ \
( ( )\___ | '_ | '_| | '_ \/ _` | \ \ \ \
 \\/  ___)| |_)| | | | | || (_| |  ) ) ) )
  '  |____| .__|_| |_|_| |_\__, | / / / /
 =========|_|==============|___/=/_/_/_/
 :: Spring Boot ::        (v2.3.3.RELEASE)

2020-09-13 21:36:29.468  INFO 37259 --- [           main] c.t.p.m.d.s.DiscoveryServiceApplication  : No active profile set, falling back to default profiles: default
2020-09-13 21:36:30.623  WARN 37259 --- [           main] o.s.boot.actuate.endpoint.EndpointId     : Endpoint ID 'service-registry' contains invalid characters, please migrate to a valid format.
2020-09-13 21:36:30.820  INFO 37259 --- [           main] o.s.cloud.context.scope.GenericScope     : BeanFactory id=807129ad-5ce0-337c-8e1f-c3e0d45607a4
2020-09-13 21:36:31.182  INFO 37259 --- [           main] o.s.b.w.embedded.tomcat.TomcatWebServer  : Tomcat initialized with port(s): 8761 (http)
2020-09-13 21:36:31.191  INFO 37259 --- [           main] o.apache.catalina.core.StandardService   : Starting service [Tomcat]
2020-09-13 21:36:31.191  INFO 37259 --- [           main] org.apache.catalina.core.StandardEngine  : Starting Servlet engine: [Apache Tomcat/9.0.37]
2020-09-13 21:36:31.249  INFO 37259 --- [           main] o.a.c.c.C.[Tomcat].[localhost].[/]       : Initializing Spring embedded WebApplicationContext
2020-09-13 21:36:31.249  INFO 37259 --- [           main] w.s.c.ServletWebServerApplicationContext : Root WebApplicationContext: initialization completed in 1744 ms
2020-09-13 21:36:31.379  WARN 37259 --- [           main] c.n.c.sources.URLConfigurationSource     : No URLs will be polled as dynamic configuration sources.
2020-09-13 21:36:31.379  INFO 37259 --- [           main] c.n.c.sources.URLConfigurationSource     : To enable URLs as dynamic configuration sources, define System property archaius.configurationSource.additionalUrls or make config.properties available on classpath.
2020-09-13 21:36:31.399  INFO 37259 --- [           main] c.netflix.config.DynamicPropertyFactory  : DynamicPropertyFactory is initialized with configuration sources: com.netflix.config.ConcurrentCompositeConfiguration@743cb8e0
2020-09-13 21:36:31.807  INFO 37259 --- [           main] c.s.j.s.i.a.WebApplicationImpl           : Initiating Jersey application, version 'Jersey: 1.19.1 03/11/2016 02:08 PM'
2020-09-13 21:36:31.923  INFO 37259 --- [           main] c.n.d.provider.DiscoveryJerseyProvider   : Using JSON encoding codec LegacyJacksonJson
2020-09-13 21:36:31.924  INFO 37259 --- [           main] c.n.d.provider.DiscoveryJerseyProvider   : Using JSON decoding codec LegacyJacksonJson
2020-09-13 21:36:32.105  INFO 37259 --- [           main] c.n.d.provider.DiscoveryJerseyProvider   : Using XML encoding codec XStreamXml
2020-09-13 21:36:32.106  INFO 37259 --- [           main] c.n.d.provider.DiscoveryJerseyProvider   : Using XML decoding codec XStreamXml
2020-09-13 21:36:32.610  WARN 37259 --- [           main] o.s.c.n.a.ArchaiusAutoConfiguration      : No spring.application.name found, defaulting to 'application'
2020-09-13 21:36:32.611  WARN 37259 --- [           main] c.n.c.sources.URLConfigurationSource     : No URLs will be polled as dynamic configuration sources.
2020-09-13 21:36:32.612  INFO 37259 --- [           main] c.n.c.sources.URLConfigurationSource     : To enable URLs as dynamic configuration sources, define System property archaius.configurationSource.additionalUrls or make config.properties available on classpath.
2020-09-13 21:36:33.002  INFO 37259 --- [           main] o.s.s.concurrent.ThreadPoolTaskExecutor  : Initializing ExecutorService 'applicationTaskExecutor'
2020-09-13 21:36:33.565  INFO 37259 --- [           main] DiscoveryClientOptionalArgsConfiguration : Eureka HTTP Client uses Jersey
2020-09-13 21:36:33.647  WARN 37259 --- [           main] ockingLoadBalancerClientRibbonWarnLogger : You already have RibbonLoadBalancerClient on your classpath. It will be used by default. As Spring Cloud Ribbon is in maintenance mode. We recommend switching to BlockingLoadBalancerClient instead. In order to use it, set the value of `spring.cloud.loadbalancer.ribbon.enabled` to `false` or remove spring-cloud-starter-netflix-ribbon from your project.
2020-09-13 21:36:33.746  INFO 37259 --- [           main] o.s.c.n.eureka.InstanceInfoFactory       : Setting initial instance status as: STARTING
2020-09-13 21:36:33.792  INFO 37259 --- [           main] com.netflix.discovery.DiscoveryClient    : Initializing Eureka in region us-east-1
2020-09-13 21:36:33.792  INFO 37259 --- [           main] com.netflix.discovery.DiscoveryClient    : Client configured to neither register nor query for data.
2020-09-13 21:36:33.803  INFO 37259 --- [           main] com.netflix.discovery.DiscoveryClient    : Discovery Client initialized at timestamp 1600007793802 with initial instances count: 0
2020-09-13 21:36:33.868  INFO 37259 --- [           main] c.n.eureka.DefaultEurekaServerContext    : Initializing ...
2020-09-13 21:36:33.871  INFO 37259 --- [           main] c.n.eureka.cluster.PeerEurekaNodes       : Adding new peer nodes [http://localhost:8761/eureka/]
2020-09-13 21:36:34.171  INFO 37259 --- [           main] c.n.d.provider.DiscoveryJerseyProvider   : Using JSON encoding codec LegacyJacksonJson
2020-09-13 21:36:34.171  INFO 37259 --- [           main] c.n.d.provider.DiscoveryJerseyProvider   : Using JSON decoding codec LegacyJacksonJson
2020-09-13 21:36:34.171  INFO 37259 --- [           main] c.n.d.provider.DiscoveryJerseyProvider   : Using XML encoding codec XStreamXml
2020-09-13 21:36:34.171  INFO 37259 --- [           main] c.n.d.provider.DiscoveryJerseyProvider   : Using XML decoding codec XStreamXml
2020-09-13 21:36:34.299  INFO 37259 --- [           main] c.n.eureka.cluster.PeerEurekaNodes       : Replica node URL:  http://localhost:8761/eureka/
2020-09-13 21:36:34.311  INFO 37259 --- [           main] c.n.e.registry.AbstractInstanceRegistry  : Finished initializing remote region registries. All known remote regions: []
2020-09-13 21:36:34.312  INFO 37259 --- [           main] c.n.eureka.DefaultEurekaServerContext    : Initialized
2020-09-13 21:36:34.332  INFO 37259 --- [           main] o.s.b.a.e.web.EndpointLinksResolver      : Exposing 2 endpoint(s) beneath base path '/actuator'
2020-09-13 21:36:34.368  INFO 37259 --- [           main] o.s.c.n.e.s.EurekaServiceRegistry        : Registering application UNKNOWN with eureka with status UP
2020-09-13 21:36:34.371  INFO 37259 --- [      Thread-10] o.s.c.n.e.server.EurekaServerBootstrap   : Setting the eureka configuration..
2020-09-13 21:36:34.372  INFO 37259 --- [      Thread-10] o.s.c.n.e.server.EurekaServerBootstrap   : Eureka data center value eureka.datacenter is not set, defaulting to default
2020-09-13 21:36:34.373  INFO 37259 --- [      Thread-10] o.s.c.n.e.server.EurekaServerBootstrap   : Eureka environment value eureka.environment is not set, defaulting to test
2020-09-13 21:36:34.390  INFO 37259 --- [      Thread-10] o.s.c.n.e.server.EurekaServerBootstrap   : isAws returned false
2020-09-13 21:36:34.391  INFO 37259 --- [      Thread-10] o.s.c.n.e.server.EurekaServerBootstrap   : Initialized server context
2020-09-13 21:36:34.391  INFO 37259 --- [      Thread-10] c.n.e.r.PeerAwareInstanceRegistryImpl    : Got 1 instances from neighboring DS node
2020-09-13 21:36:34.391  INFO 37259 --- [      Thread-10] c.n.e.r.PeerAwareInstanceRegistryImpl    : Renew threshold is: 1
2020-09-13 21:36:34.391  INFO 37259 --- [      Thread-10] c.n.e.r.PeerAwareInstanceRegistryImpl    : Changing status to UP
2020-09-13 21:36:34.404  INFO 37259 --- [      Thread-10] e.s.EurekaServerInitializerConfiguration : Started Eureka Server
2020-09-13 21:36:34.414  INFO 37259 --- [           main] o.s.b.w.embedded.tomcat.TomcatWebServer  : Tomcat started on port(s): 8761 (http) with context path ''
2020-09-13 21:36:34.415  INFO 37259 --- [           main] .s.c.n.e.s.EurekaAutoServiceRegistration : Updating port to 8761
2020-09-13 21:36:34.440  INFO 37259 --- [           main] c.t.p.m.d.s.DiscoveryServiceApplication  : Started DiscoveryServiceApplication in 6.534 seconds (JVM running for 7.236)
2020-09-13 21:37:16.647  INFO 37259 --- [extShutdownHook] o.s.c.n.e.s.EurekaServiceRegistry        : Unregistering application UNKNOWN with eureka with status DOWN
2020-09-13 21:37:16.677  INFO 37259 --- [extShutdownHook] c.n.eureka.DefaultEurekaServerContext    : Shutting down ...
2020-09-13 21:37:16.708  INFO 37259 --- [extShutdownHook] c.n.eureka.DefaultEurekaServerContext    : Shut down
2020-09-13 21:37:16.714  INFO 37259 --- [extShutdownHook] o.s.s.concurrent.ThreadPoolTaskExecutor  : Shutting down ExecutorService 'applicationTaskExecutor'
2020-09-13 21:37:16.718  INFO 37259 --- [extShutdownHook] com.netflix.discovery.DiscoveryClient    : Shutting down DiscoveryClient ...
2020-09-13 21:37:16.719  INFO 37259 --- [extShutdownHook] com.netflix.discovery.DiscoveryClient    : Completed shut down of DiscoveryClient
